gyp info it worked if it ends with ok
gyp info using node-gyp@9.3.0
gyp info using node@19.4.0 | darwin | arm64
gyp info find Python using Python version 3.10.5 found at "/Library/Frameworks/Python.framework/Versions/3.10/bin/python3"
gyp http GET https://nodejs.org/download/release/v19.4.0/node-v19.4.0-headers.tar.gz
gyp http 200 https://nodejs.org/download/release/v19.4.0/node-v19.4.0-headers.tar.gz
gyp http GET https://nodejs.org/download/release/v19.4.0/SHASUMS256.txt
gyp http 200 https://nodejs.org/download/release/v19.4.0/SHASUMS256.txt
gyp info spawn /Library/Frameworks/Python.framework/Versions/3.10/bin/python3
gyp info spawn args [
gyp info spawn args   '/Users/richardzhang/.nvm/versions/node/v19.4.0/lib/node_modules/npm/node_modules/node-gyp/gyp/gyp_main.py',
gyp info spawn args   'binding.gyp',
gyp info spawn args   '-f',
gyp info spawn args   'make',
gyp info spawn args   '-I',
gyp info spawn args   '/Users/richardzhang/Documents/smishing-smasher-web-app/smishing-smasher-server-app/node_modules/objectid/node_modules/bson/build/config.gypi',
gyp info spawn args   '-I',
gyp info spawn args   '/Users/richardzhang/.nvm/versions/node/v19.4.0/lib/node_modules/npm/node_modules/node-gyp/addon.gypi',
gyp info spawn args   '-I',
gyp info spawn args   '/Users/richardzhang/Library/Caches/node-gyp/19.4.0/include/node/common.gypi',
gyp info spawn args   '-Dlibrary=shared_library',
gyp info spawn args   '-Dvisibility=default',
gyp info spawn args   '-Dnode_root_dir=/Users/richardzhang/Library/Caches/node-gyp/19.4.0',
gyp info spawn args   '-Dnode_gyp_dir=/Users/richardzhang/.nvm/versions/node/v19.4.0/lib/node_modules/npm/node_modules/node-gyp',
gyp info spawn args   '-Dnode_lib_file=/Users/richardzhang/Library/Caches/node-gyp/19.4.0/<(target_arch)/node.lib',
gyp info spawn args   '-Dmodule_root_dir=/Users/richardzhang/Documents/smishing-smasher-web-app/smishing-smasher-server-app/node_modules/objectid/node_modules/bson',
gyp info spawn args   '-Dnode_engine=v8',
gyp info spawn args   '--depth=.',
gyp info spawn args   '--no-parallel',
gyp info spawn args   '--generator-output',
gyp info spawn args   'build',
gyp info spawn args   '-Goutput_dir=.'
gyp info spawn args ]
gyp info spawn make
gyp info spawn args [ 'BUILDTYPE=Release', '-C', 'build' ]
In file included from ../ext/bson.cc:35:
../ext/bson.h:55:25: error: no template named 'Handle'
        static void Initialize(Handle<Object> target);
                               ^
../ext/bson.h:56:9: error: no template named 'Handle'
        static Handle<Value> BSONDeserializeStream(const Arguments &args);
               ^
../ext/bson.h:56:51: error: unknown type name 'Arguments'
        static Handle<Value> BSONDeserializeStream(const Arguments &args);
                                                         ^
../ext/bson.h:59:9: error: no template named 'Handle'
        static Handle<Value> BSONSerialize(const Arguments &args);
               ^
../ext/bson.h:59:43: error: unknown type name 'Arguments'
        static Handle<Value> BSONSerialize(const Arguments &args);
                                                 ^
../ext/bson.h:60:9: error: no template named 'Handle'
        static Handle<Value> BSONDeserialize(const Arguments &args);
               ^
../ext/bson.h:60:45: error: unknown type name 'Arguments'
        static Handle<Value> BSONDeserialize(const Arguments &args);
                                                   ^
../ext/bson.h:63:9: error: no template named 'Handle'
        static Handle<Value> CalculateObjectSize(const Arguments &args);
               ^
../ext/bson.h:63:49: error: unknown type name 'Arguments'
        static Handle<Value> CalculateObjectSize(const Arguments &args);
                                                       ^
../ext/bson.h:64:9: error: no template named 'Handle'
        static Handle<Value> SerializeWithBufferAndIndex(const Arguments &args);
               ^
../ext/bson.h:64:57: error: unknown type name 'Arguments'
        static Handle<Value> SerializeWithBufferAndIndex(const Arguments &args);
                                                               ^
../ext/bson.h:70:9: error: no template named 'Handle'
        static Handle<Value> New(const Arguments &args);
               ^
../ext/bson.h:70:33: error: unknown type name 'Arguments'
        static Handle<Value> New(const Arguments &args);
                                       ^
../ext/bson.h:71:9: error: no template named 'Handle'
        static Handle<Value> deserialize(BSON *bson, char *data, uint32_t dataLength, uint32_t startIndex, bool is_array_item);
               ^
../ext/bson.h:119:41: error: no template named 'Handle'
        Local<Object> GetSerializeObject(const Handle<Value>& object);
                                               ^
../ext/bson.h:133:23: error: no template named 'Handle'
        void    WriteByte(const Handle<Object>&, const Handle<String>&) { ++count; }
                                ^
../ext/bson.h:133:46: error: no template named 'Handle'
        void    WriteByte(const Handle<Object>&, const Handle<String>&) { ++count; }
                                                       ^
../ext/bson.h:134:23: error: no template named 'Handle'
        void    WriteBool(const Handle<Value>& value)                                   { ++count; }
                                ^
../ext/bson.h:136:24: error: no template named 'Handle'
        void    WriteInt32(const Handle<Value>& value)                                  { count += 4; }
                                 ^
fatal error: too many errors emitted, stopping now [-ferror-limit=]
20 errors generated.
make: *** [Release/obj.target/bson/ext/bson.o] Error 1
gyp ERR! build error 
gyp ERR! stack Error: `make` failed with exit code: 2
gyp ERR! stack     at ChildProcess.onExit (/Users/richardzhang/.nvm/versions/node/v19.4.0/lib/node_modules/npm/node_modules/node-gyp/lib/build.js:203:23)
gyp ERR! stack     at ChildProcess.emit (node:events:513:28)
gyp ERR! stack     at ChildProcess._handle.onexit (node:internal/child_process:293:12)
gyp ERR! System Darwin 22.3.0
gyp ERR! command "/Users/richardzhang/.nvm/versions/node/v19.4.0/bin/node" "/Users/richardzhang/.nvm/versions/node/v19.4.0/lib/node_modules/npm/node_modules/node-gyp/bin/node-gyp.js" "rebuild"
gyp ERR! cwd /Users/richardzhang/Documents/smishing-smasher-web-app/smishing-smasher-server-app/node_modules/objectid/node_modules/bson
gyp ERR! node -v v19.4.0
gyp ERR! node-gyp -v v9.3.0
gyp ERR! not ok 
